{
  "stats": {
    "suites": 1,
    "tests": 1,
    "passes": 1,
    "pending": 0,
    "failures": 0,
    "start": "2021-04-20T17:06:24.831Z",
    "end": "2021-04-20T17:06:29.419Z",
    "duration": 4588,
    "testsRegistered": 1,
    "passPercent": 100,
    "pendingPercent": 0,
    "other": 0,
    "hasOther": false,
    "skipped": 0,
    "hasSkipped": false
  },
  "results": [
    {
      "uuid": "03bb480d-9e4d-4135-a515-52d8d940200e",
      "title": "",
      "fullFile": "cypress/integration/regression-test-suite.spec.js",
      "file": "cypress/integration/regression-test-suite.spec.js",
      "beforeHooks": [],
      "afterHooks": [],
      "tests": [],
      "suites": [
        {
          "uuid": "1dc82b74-857e-485d-aa71-eb095fe867aa",
          "title": "",
          "fullFile": "",
          "file": "",
          "beforeHooks": [],
          "afterHooks": [],
          "tests": [
            {
              "title": "Create Room",
              "fullTitle": " Create Room",
              "timedOut": null,
              "duration": 3745,
              "state": "passed",
              "speed": "slow",
              "pass": true,
              "fail": false,
              "pending": false,
              "context": null,
              "code": "cy.visit('http://localhost:3000');\ncy.title().should('include', 'Hotel');\ncy.contains('Login');\ncy.get(':nth-child(1) > input').type('tester01');\ncy.get(':nth-child(2) > input').type('GteteqbQQgSr88SwNExUQv2ydb7xuf8c');\ncy.get('.btn').click();\ncy.contains('Tester Hotel Overview');\ncy.get(':nth-child(1) > .btn').click();\ncy.contains('Rooms');\ncy.get('h2 > .btn').click();\ncy.contains('New Room');\ncy.get(':nth-child(1) > select').type('Double');\ncy.get(':nth-child(2) > input').type('222');\ncy.get(':nth-child(3) > input').type('2');\ncy.get(':nth-child(5) > input').type('1200');\ncy.get('.blue').click();\ncy.contains('Rooms');\ncy.get(':nth-child(3) > .btn').click();\ncy.contains('Tester Hotel Overview');\ncy.get('.user > .btn').click();\ncy.contains('Login');",
              "err": {},
              "uuid": "bd003c0f-683a-4a42-b12d-da5222a5af67",
              "parentUUID": "1dc82b74-857e-485d-aa71-eb095fe867aa",
              "isHook": false,
              "skipped": false
            }
          ],
          "suites": [],
          "passes": [
            "bd003c0f-683a-4a42-b12d-da5222a5af67"
          ],
          "failures": [],
          "pending": [],
          "skipped": [],
          "duration": 3745,
          "root": false,
          "rootEmpty": false,
          "_timeout": 2000
        }
      ],
      "passes": [],
      "failures": [],
      "pending": [],
      "skipped": [],
      "duration": 0,
      "root": true,
      "rootEmpty": true,
      "_timeout": 2000
    }
  ],
  "meta": {
    "mocha": {
      "version": "7.0.1"
    },
    "mochawesome": {
      "options": {
        "quiet": false,
        "reportFilename": "mochawesome",
        "saveHtml": true,
        "saveJson": true,
        "consoleReporter": "spec",
        "useInlineDiffs": false,
        "code": true
      },
      "version": "6.2.2"
    },
    "marge": {
      "options": null,
      "version": "5.2.0"
    }
  }
}