{
  "stats": {
    "suites": 1,
    "tests": 1,
    "passes": 1,
    "pending": 0,
    "failures": 0,
    "start": "2021-04-23T09:19:58.183Z",
    "end": "2021-04-23T09:20:07.336Z",
    "duration": 9153,
    "testsRegistered": 1,
    "passPercent": 100,
    "pendingPercent": 0,
    "other": 0,
    "hasOther": false,
    "skipped": 0,
    "hasSkipped": false
  },
  "results": [
    {
      "uuid": "679debd2-5771-458c-bf7b-1f4810ca0255",
      "title": "",
      "fullFile": "cypress/integration/vrt.spec.js",
      "file": "cypress/integration/vrt.spec.js",
      "beforeHooks": [],
      "afterHooks": [],
      "tests": [],
      "suites": [
        {
          "uuid": "2ccfc38f-0c3b-4e4e-bd27-79efdd372242",
          "title": "Test suite",
          "fullFile": "",
          "file": "",
          "beforeHooks": [],
          "afterHooks": [],
          "tests": [
            {
              "title": "Navigation test",
              "fullTitle": "Test suite Navigation test",
              "timedOut": null,
              "duration": 7640,
              "state": "passed",
              "speed": "slow",
              "pass": true,
              "fail": false,
              "pending": false,
              "context": null,
              "code": "cy.visit(targets.base_url); //Login\nindexFuncs.checkTitleOfIndexPage(cy);\ncy.percySnapshot('login-page');\nindexFuncs.performValidLogin(cy, targets.username, targets.password, 'Tester Hotel Overview'); // dashboard\ndashboardFuncs.checkTitleOfDashboardPage(cy);\ncy.percySnapshot('dashboard-page'); // rooms page\ndashboardFuncs.navigateToRoomPage(cy, 'Rooms');\nroomsFuncs.checkTitleOfRoomsPage(cy);\ncy.percySnapshot('rooms-page'); // dashboard\nroomsFuncs.navigateToDashboardPage(cy, 'Tester Hotel Overview'); // clients page\ndashboardFuncs.navigateToClientsPage(cy, 'Clients');\nclientsFuncs.checkTitleOfClientsPage(cy);\ncy.percySnapshot('clients-page'); // dashboard\nclientsFuncs.navigateToDashboardPage(cy, 'Tester Hotel Overview'); // bills page\ndashboardFuncs.navigateToBillsPage(cy, 'Bills');\nbillsFuncs.checkTitleOfBillsPage(cy);\ncy.percySnapshot('bills-page'); // dashboard\nbillsFuncs.navigateToDashboardPage(cy, 'Tester Hotel Overview'); // logout\ndashboardFuncs.performLogout(cy, 'Login');",
              "err": {},
              "uuid": "9d753d8b-31bd-4a59-adc6-6feb3d90a929",
              "parentUUID": "2ccfc38f-0c3b-4e4e-bd27-79efdd372242",
              "isHook": false,
              "skipped": false
            }
          ],
          "suites": [],
          "passes": [
            "9d753d8b-31bd-4a59-adc6-6feb3d90a929"
          ],
          "failures": [],
          "pending": [],
          "skipped": [],
          "duration": 7640,
          "root": false,
          "rootEmpty": false,
          "_timeout": 2000
        }
      ],
      "passes": [],
      "failures": [],
      "pending": [],
      "skipped": [],
      "duration": 0,
      "root": true,
      "rootEmpty": true,
      "_timeout": 2000
    }
  ],
  "meta": {
    "mocha": {
      "version": "7.0.1"
    },
    "mochawesome": {
      "options": {
        "quiet": false,
        "reportFilename": "mochawesome",
        "saveHtml": true,
        "saveJson": true,
        "consoleReporter": "spec",
        "useInlineDiffs": false,
        "code": true
      },
      "version": "6.2.2"
    },
    "marge": {
      "options": null,
      "version": "5.2.0"
    }
  }
}